d:\ffmpeg_sln_vs2013-master\rtsprecorder\debug\rtsprecorder.pch
d:\ffmpeg_sln_vs2013-master\rtsprecorder\debug\vc120.pdb
d:\ffmpeg_sln_vs2013-master\rtsprecorder\debug\vc120.idb
d:\ffmpeg_sln_vs2013-master\rtsprecorder\debug\stdafx.obj
d:\ffmpeg_sln_vs2013-master\rtsprecorder\debug\cmdutils.obj
d:\ffmpeg_sln_vs2013-master\rtsprecorder\debug\ffmpeg.obj
d:\ffmpeg_sln_vs2013-master\rtsprecorder\debug\ffmpeg_dxva2.obj
d:\ffmpeg_sln_vs2013-master\rtsprecorder\debug\ffmpeg_filter.obj
d:\ffmpeg_sln_vs2013-master\rtsprecorder\debug\ffmpeg_opt.obj
d:\ffmpeg_sln_vs2013-master\rtsprecorder\debug\rtsprecorder.obj
d:\ffmpeg_sln_vs2013-master\rtsprecorder\debug\dllmain.obj
d:\ffmpeg_sln_vs2013-master\debug\rtsprecorder.ilk
d:\ffmpeg_sln_vs2013-master\debug\rtsprecorder.dll
d:\ffmpeg_sln_vs2013-master\debug\rtsprecorder.pdb
d:\ffmpeg_sln_vs2013-master\debug\rtsprecorder.lib
d:\ffmpeg_sln_vs2013-master\debug\rtsprecorder.exp
d:\ffmpeg_sln_vs2013-master\rtsprecorder\debug\rtsprecorder.tlog\cl.command.1.tlog
d:\ffmpeg_sln_vs2013-master\rtsprecorder\debug\rtsprecorder.tlog\cl.read.1.tlog
d:\ffmpeg_sln_vs2013-master\rtsprecorder\debug\rtsprecorder.tlog\cl.write.1.tlog
d:\ffmpeg_sln_vs2013-master\rtsprecorder\debug\rtsprecorder.tlog\link.command.1.tlog
d:\ffmpeg_sln_vs2013-master\rtsprecorder\debug\rtsprecorder.tlog\link.read.1.tlog
d:\ffmpeg_sln_vs2013-master\rtsprecorder\debug\rtsprecorder.tlog\link.write.1.tlog
d:\ffmpeg_sln_vs2013-master\rtsprecorder\debug\rtsprecorder.tlog\rtsprecorder.write.1u.tlog
